#
# There is insufficient memory for the Java Runtime Environment to continue.
# Native memory allocation (mmap) failed to map 268435456 bytes for Failed to commit area from 0x0000000701000000 to 0x0000000711000000 of length 268435456.
# Possible reasons:
#   The system is out of physical RAM or swap space
#   The process is running with CompressedOops enabled, and the Java Heap may be blocking the growth of the native heap
# Possible solutions:
#   Reduce memory load on the system
#   Increase physical memory or swap space
#   Check if swap backing store is full
#   Decrease Java heap size (-Xmx/-Xms)
#   Decrease number of Java threads
#   Decrease Java thread stack sizes (-Xss)
#   Set larger code cache with -XX:ReservedCodeCacheSize=
# This output file may be truncated or incomplete.
#
#  Out of Memory Error (./open/src/hotspot/os/windows/os_windows.cpp:3271), pid=20708, tid=27592
#
# JRE version:  (11.0.7+8) (build )
# Java VM: Java HotSpot(TM) 64-Bit Server VM (11.0.7+8-LTS, mixed mode, sharing, tiered, compressed oops, g1 gc, windows-amd64)
# No core dump will be written. Minidumps are not enabled by default on client versions of Windows
#

---------------  S U M M A R Y ------------

Command Line: -Dorg.gradle.appname=gradlew org.gradle.wrapper.GradleWrapperMain -q -Ptarget-platform=android-arm64 -Ptarget=E:\FlutterProjects\movies\lib\main.dart -Ptrack-widget-creation=true -Pfilesystem-scheme=org-dartlang-root -Pdart-defines=flutter.inspector.structuredErrors%3Dtrue assembleDebug

Host: AMD Ryzen 5 3600 6-Core Processor              , 12 cores, 15G,  Windows 10 , 64 bit Build 19041 (10.0.19041.804)
Time: Mon Mar 15 09:11:48 2021 Hora oficial do Brasil elapsed time: 0 seconds (0d 0h 0m 0s)

---------------  T H R E A D  ---------------

Current thread (0x000001aba31d4800):  JavaThread "Unknown thread" [_thread_in_vm, id=27592, stack(0x0000003755600000,0x0000003755700000)]

Stack: [0x0000003755600000,0x0000003755700000]
Native frames: (J=compiled Java code, j=interpreted, Vv=VM code, C=native code)
V  [jvm.dll+0x661a7a]
V  [jvm.dll+0x7a1b2f]
V  [jvm.dll+0x7a31d5]
V  [jvm.dll+0x7a3843]
V  [jvm.dll+0x25f1a8]
V  [jvm.dll+0x65ee8a]
V  [jvm.dll+0x653865]
V  [jvm.dll+0x316adc]
V  [jvm.dll+0x316962]
V  [jvm.dll+0x31c1d6]
V  [jvm.dll+0x3688af]
V  [jvm.dll+0x3682d0]
V  [jvm.dll+0x2f3888]
V  [jvm.dll+0x2f49e6]
V  [jvm.dll+0x77ac57]
V  [jvm.dll+0x77c52f]
V  [jvm.dll+0x3755a9]
V  [jvm.dll+0x75fe6e]
V  [jvm.dll+0x3e5b7d]
V  [jvm.dll+0x3e8091]
C  [java.exe+0x3607]
C  [java.exe+0x178dc]
C  [KERNEL32.DLL+0x17034]
C  [ntdll.dll+0x52651]


---------------  P R O C E S S  ---------------

Threads class SMR info:
_java_thread_list=0x000001aba16ad820, length=0, elements={
}

Java Threads: ( => current thread )

Other Threads:
  0x000001aba31eb000 GCTaskThread "GC Thread#0" [stack: 0x0000003755700000,0x0000003755800000] [id=18880]
  0x000001aba324b800 ConcurrentGCThread "G1 Main Marker" [stack: 0x0000003755800000,0x0000003755900000] [id=19740]
  0x000001aba324e000 ConcurrentGCThread "G1 Conc#0" [stack: 0x0000003755900000,0x0000003755a00000] [id=11476]

[error occurred during error reporting (printing all threads), id 0xc0000005, EXCEPTION_ACCESS_VIOLATION (0xc0000005) at pc=0x00007ffa2cd92047]

VM state:not at safepoint (not fully initialized)

VM Mutex/Monitor currently owned by a thread:  ([mutex/lock_event])
[0x000001aba31d20e0] Heap_lock - owner thread: 0x000001aba31d4800

Heap address: 0x0000000701000000, size: 4080 MB, Compressed Oops mode: Non-zero based: 0x0000000701000000
Narrow klass base: 0x0000000000000000, Narrow klass shift: 0

GC Heap History (0 events):
No events

Deoptimization events (0 events):
No events

Classes redefined (0 events):
No events

Internal exceptions (0 events):
No events

Events (0 events):
No events


Dynamic libraries:
0x00007ff7628b0000 - 0x00007ff7628f7000 	C:\Program Files\Java\jdk-11.0.7\bin\java.exe
0x00007ffa64690000 - 0x00007ffa64885000 	C:\WINDOWS\SYSTEM32\ntdll.dll
0x00007ffa63880000 - 0x00007ffa6393d000 	C:\WINDOWS\System32\KERNEL32.DLL
0x00007ffa61ec0000 - 0x00007ffa62189000 	C:\WINDOWS\System32\KERNELBASE.dll
0x00007ffa62880000 - 0x00007ffa6292c000 	C:\WINDOWS\System32\ADVAPI32.dll
0x00007ffa63a90000 - 0x00007ffa63b2e000 	C:\WINDOWS\System32\msvcrt.dll
0x00007ffa627e0000 - 0x00007ffa6287c000 	C:\WINDOWS\System32\sechost.dll
0x00007ffa63fb0000 - 0x00007ffa640db000 	C:\WINDOWS\System32\RPCRT4.dll
0x00007ffa62cb0000 - 0x00007ffa62e50000 	C:\WINDOWS\System32\USER32.dll
0x00007ffa62730000 - 0x00007ffa62752000 	C:\WINDOWS\System32\win32u.dll
0x00007ffa64620000 - 0x00007ffa6464a000 	C:\WINDOWS\System32\GDI32.dll
0x00007ffa625f0000 - 0x00007ffa626fb000 	C:\WINDOWS\System32\gdi32full.dll
0x00007ffa623a0000 - 0x00007ffa6243d000 	C:\WINDOWS\System32\msvcp_win.dll
0x00007ffa62190000 - 0x00007ffa62290000 	C:\WINDOWS\System32\ucrtbase.dll
0x00007ffa4a310000 - 0x00007ffa4a5aa000 	C:\WINDOWS\WinSxS\amd64_microsoft.windows.common-controls_6595b64144ccf1df_6.0.19041.844_none_ca00b6081b84eb1d\COMCTL32.dll
0x00007ffa5ff20000 - 0x00007ffa5ff2a000 	C:\WINDOWS\SYSTEM32\VERSION.dll
0x00007ffa635a0000 - 0x00007ffa635d0000 	C:\WINDOWS\System32\IMM32.DLL
0x00007ffa5ae90000 - 0x00007ffa5aea6000 	C:\Program Files\Java\jdk-11.0.7\bin\vcruntime140.dll
0x00007ffa5ade0000 - 0x00007ffa5ae8a000 	C:\Program Files\Java\jdk-11.0.7\bin\msvcp140.dll
0x00007ffa2ca90000 - 0x00007ffa2d5f1000 	C:\Program Files\Java\jdk-11.0.7\bin\server\jvm.dll
0x00007ffa63870000 - 0x00007ffa63878000 	C:\WINDOWS\System32\PSAPI.DLL
0x00007ffa4ba80000 - 0x00007ffa4ba89000 	C:\WINDOWS\SYSTEM32\WSOCK32.dll
0x00007ffa52160000 - 0x00007ffa52187000 	C:\WINDOWS\SYSTEM32\WINMM.dll
0x00007ffa63a20000 - 0x00007ffa63a8b000 	C:\WINDOWS\System32\WS2_32.dll
0x00007ffa607c0000 - 0x00007ffa607d2000 	C:\WINDOWS\SYSTEM32\kernel.appcore.dll
0x00007ffa5adc0000 - 0x00007ffa5add1000 	C:\Program Files\Java\jdk-11.0.7\bin\verify.dll
0x00007ffa4dc50000 - 0x00007ffa4de34000 	C:\WINDOWS\SYSTEM32\DBGHELP.DLL
0x00007ffa4d670000 - 0x00007ffa4d69c000 	C:\WINDOWS\SYSTEM32\dbgcore.DLL
0x00007ffa62760000 - 0x00007ffa627e0000 	C:\WINDOWS\System32\bcryptPrimitives.dll
0x00007ffa5ad90000 - 0x00007ffa5adb9000 	C:\Program Files\Java\jdk-11.0.7\bin\java.dll
0x00007ffa5d8d0000 - 0x00007ffa5d8da000 	C:\Program Files\Java\jdk-11.0.7\bin\jimage.dll
0x00007ffa5ad70000 - 0x00007ffa5ad86000 	C:\Program Files\Java\jdk-11.0.7\bin\zip.dll

dbghelp: loaded successfully - version: 4.0.5 - missing functions: none
symbol engine: initialized successfully - sym options: 0x614 - pdb path: .;C:\Program Files\Java\jdk-11.0.7\bin;C:\WINDOWS\SYSTEM32;C:\WINDOWS\WinSxS\amd64_microsoft.windows.common-controls_6595b64144ccf1df_6.0.19041.844_none_ca00b6081b84eb1d;C:\Program Files\Java\jdk-11.0.7\bin\server

VM Arguments:
jvm_args: -Dorg.gradle.appname=gradlew 
java_command: org.gradle.wrapper.GradleWrapperMain -q -Ptarget-platform=android-arm64 -Ptarget=E:\FlutterProjects\movies\lib\main.dart -Ptrack-widget-creation=true -Pfilesystem-scheme=org-dartlang-root -Pdart-defines=flutter.inspector.structuredErrors%3Dtrue assembleDebug
java_class_path (initial): E:\FlutterProjects\movies\android\\gradle\wrapper\gradle-wrapper.jar
Launcher Type: SUN_STANDARD

[Global flags]
     intx CICompilerCount                          = 4                                         {product} {ergonomic}
     uint ConcGCThreads                            = 3                                         {product} {ergonomic}
     uint G1ConcRefinementThreads                  = 10                                        {product} {ergonomic}
   size_t G1HeapRegionSize                         = 1048576                                   {product} {ergonomic}
    uintx GCDrainStackTargetSize                   = 64                                        {product} {ergonomic}
   size_t InitialHeapSize                          = 268435456                                 {product} {ergonomic}
   size_t MarkStackSize                            = 4194304                                   {product} {ergonomic}
   size_t MaxHeapSize                              = 4278190080                                {product} {ergonomic}
   size_t MinHeapDeltaBytes                        = 1048576                                   {product} {ergonomic}
    uintx NonNMethodCodeHeapSize                   = 5836300                                {pd product} {ergonomic}
    uintx NonProfiledCodeHeapSize                  = 122910970                              {pd product} {ergonomic}
    uintx ProfiledCodeHeapSize                     = 122910970                              {pd product} {ergonomic}
    uintx ReservedCodeCacheSize                    = 251658240                              {pd product} {ergonomic}
     bool SegmentedCodeCache                       = true                                      {product} {ergonomic}
     bool UseCompressedClassPointers               = true                                 {lp64_product} {ergonomic}
     bool UseCompressedOops                        = true                                 {lp64_product} {ergonomic}
     bool UseG1GC                                  = true                                      {product} {ergonomic}
     bool UseLargePagesIndividualAllocation        = false                                  {pd product} {ergonomic}

Logging:
Log output configuration:
 #0: stdout all=warning uptime,level,tags
 #1: stderr all=off uptime,level,tags

Environment Variables:
JAVA_HOME=C:\Program Files\Java\jdk-11.0.7
CLASSPATH=E:\FlutterProjects\movies\android\\gradle\wrapper\gradle-wrapper.jar
PATH=C:\Python39\Scripts\;C:\Python39\;C:\Program Files\Python37\Scripts\;C:\Program Files\Python37\;C:\Windows\system32;C:\Windows;C:\Windows\System32\Wbem;C:\Windows\System32\WindowsPowerShell\v1.0\;C:\Program Files\Java\jdk-11.0.7\bin;C:\Program Files (x86)\NVIDIA Corporation\PhysX\Common;C:\WINDOWS\system32;C:\WINDOWS;C:\WINDOWS\System32\Wbem;C:\WINDOWS\System32\WindowsPowerShell\v1.0\;C:\WINDOWS\System32\OpenSSH\;C:\Program Files\dotnet\;C:\Program Files\Git\cmd;C:\Program Files\NVIDIA Corporation\NVIDIA NvDLISR;C:\Program Files\MongoDB\Server\4.4\bin;C:\Program Files\nodejs\;C:\ProgramData\chocolatey\bin;C:\Program Files\MySQL\MySQL Shell 8.0\bin\;C:\Users\artur\AppData\Local\Programs\Python\Python38\Scripts\;C:\Users\artur\AppData\Local\Programs\Python\Python38\;C:\Users\artur\AppData\Local\Programs\Microsoft VS Code\bin;C:\Users\artur\AppData\Local\Microsoft\WindowsApps;C:\dart-flutter\flutter\bin;C:\Program Files\heroku\bin;C:\Users\artur\AppData\Roaming\npm
USERNAME=artur
OS=Windows_NT
PROCESSOR_IDENTIFIER=AMD64 Family 23 Model 113 Stepping 0, AuthenticAMD



---------------  S Y S T E M  ---------------

OS: Windows 10 , 64 bit Build 19041 (10.0.19041.804)

CPU:total 12 (initial active 12) (12 cores per cpu, 2 threads per core) family 23 model 113 stepping 0, cmov, cx8, fxsr, mmx, sse, sse2, sse3, ssse3, sse4.1, sse4.2, popcnt, avx, avx2, aes, clmul, mmxext, 3dnowpref, lzcnt, sse4a, ht, tsc, tscinvbit, tscinv, bmi1, bmi2, adx, sha, fma

Memory: 4k page, system-wide physical 16313M (5058M free)
TotalPageFile size 30556M (AvailPageFile size 242M)
current process WorkingSet (physical memory assigned to process): 9M, peak: 9M
current process commit charge ("private bytes"): 64M, peak: 320M

vm_info: Java HotSpot(TM) 64-Bit Server VM (11.0.7+8-LTS) for windows-amd64 JRE (11.0.7+8-LTS), built on Mar 12 2020 02:04:32 by "mach5one" with MS VC++ 15.5 (VS2017)

END.
